<?xml version="1.0" encoding="UTF-8"?>
<testng-results skipped="0" failed="0" total="0" passed="0">
  <reporter-output>
  </reporter-output>
  <suite name="firstAutomation.AppTest" duration-ms="5" started-at="2017-11-08T02:30:35Z" finished-at="2017-11-08T02:30:35Z">
    <groups>
    </groups>
    <test name="Command line test" duration-ms="5" started-at="2017-11-08T02:30:35Z" finished-at="2017-11-08T02:30:35Z">
    </test> <!-- Command line test -->
  </suite> <!-- firstAutomation.AppTest -->
</testng-results>
