<?xml version="1.0" encoding="UTF-8" ?>
<testsuite tests="3" failures="0" name="com.globant.automation.bootcamp.api.test.retrofit.PostsTest" time="0.562" errors="0" skipped="0">
  <properties>
[...]
</properties>
  <testcase classname="com.globant.automation.bootcamp.api.test.retrofit.PostsTest" name="getPostById" time="0.215"/>
  <testcase classname="com.globant.automation.bootcamp.api.test.retrofit.PostsTest" name="getPostComments" time="0.169"/>
  <testcase classname="com.globant.automation.bootcamp.api.test.retrofit.PostsTest" name="getPosts" time="0.178"/>
</testsuite>